2023-08-23 15:08:32.920 [info] Reading sessions from keychain...
2023-08-23 15:08:32.920 [info] Getting sessions for all scopes...
2023-08-23 15:08:32.920 [info] Got 0 sessions for ...
2023-08-23 15:08:32.920 [info] Getting sessions for user:email...
2023-08-23 15:08:32.920 [info] Got 0 sessions for user:email...
2023-08-23 15:08:33.118 [info] Getting sessions for all scopes...
2023-08-23 15:08:33.118 [info] Got 0 sessions for ...
2023-08-23 15:08:33.187 [info] Getting sessions for all scopes...
2023-08-23 15:08:33.188 [info] Got 0 sessions for ...
2023-08-23 15:08:33.189 [info] Getting sessions for read:user,repo,user:email,workflow...
2023-08-23 15:08:33.190 [info] Got 0 sessions for read:user,repo,user:email,workflow...
2023-08-23 15:08:33.262 [info] Getting sessions for read:user,repo,user:email...
2023-08-23 15:08:33.262 [info] Got 0 sessions for read:user,repo,user:email...
2023-08-23 15:09:29.981 [info] Getting sessions for user:email...
2023-08-23 15:09:29.981 [info] Got 0 sessions for user:email...
2023-08-23 15:09:29.982 [info] Getting sessions for user:email...
2023-08-23 15:09:29.982 [info] Got 0 sessions for user:email...
2023-08-23 15:09:29.986 [info] Getting sessions for read:user,repo,user:email,workflow...
2023-08-23 15:09:29.986 [info] Got 0 sessions for read:user,repo,user:email,workflow...
2023-08-23 15:09:29.988 [info] Getting sessions for read:user,repo,user:email...
2023-08-23 15:09:29.988 [info] Got 0 sessions for read:user,repo,user:email...
