2023-08-23 15:07:31.724 [info] Using settings sync service https://vscode-sync.trafficmanager.net/
2023-08-23 15:07:31.724 [info] Auto Sync is disabled.
2023-08-23 15:08:13.397 [info] Sync started.
2023-08-23 15:08:13.815 [info] Did reset the local sync state.
2023-08-23 15:08:13.822 [info] Settings: Migrating last sync user data. Resource does not exist.
2023-08-23 15:08:13.823 [info] Settings: Last sync data state does not exist.
2023-08-23 15:08:13.976 [info] Settings: Migrating last sync user data. Resource does not exist.
2023-08-23 15:08:13.976 [info] Settings: Last sync data state does not exist.
2023-08-23 15:08:14.074 [info] GlobalState: Migrating last sync user data. Resource does not exist.
2023-08-23 15:08:14.074 [info] GlobalState: Last sync data state does not exist.
2023-08-23 15:08:14.166 [info] Keybindings: Migrating last sync user data. Resource does not exist.
2023-08-23 15:08:14.166 [info] Keybindings: Last sync data state does not exist.
2023-08-23 15:08:14.311 [info] Snippets: Migrating last sync user data. Resource does not exist.
2023-08-23 15:08:14.311 [info] Snippets: Last sync data state does not exist.
2023-08-23 15:08:14.488 [info] Tasks: Migrating last sync user data. Resource does not exist.
2023-08-23 15:08:14.488 [info] Tasks: Last sync data state does not exist.
2023-08-23 15:08:14.628 [info] GlobalState: Migrating last sync user data. Resource does not exist.
2023-08-23 15:08:14.628 [info] GlobalState: Last sync data state does not exist.
2023-08-23 15:08:14.901 [info] Extensions: Migrating last sync user data. Resource does not exist.
2023-08-23 15:08:14.901 [info] Extensions: Last sync data state does not exist.
2023-08-23 15:08:15.189 [info] Profiles: Migrating last sync user data. Resource does not exist.
2023-08-23 15:08:15.189 [info] Profiles: Last sync data state does not exist.
2023-08-23 15:08:15.335 [info] Profiles: Migrating last sync user data. Resource does not exist.
2023-08-23 15:08:15.335 [info] Profiles: Last sync data state does not exist.
2023-08-23 15:08:15.346 [info] Settings: Updated local settings
2023-08-23 15:08:15.350 [info] Settings: Updated last synchronized settings
2023-08-23 15:08:15.352 [info] Keybindings: No changes found during synchronizing keybindings.
2023-08-23 15:08:15.357 [info] Keybindings: Updated last synchronized keybindings
2023-08-23 15:08:15.359 [info] Snippets: No changes found during synchronizing snippets.
2023-08-23 15:08:15.363 [info] Snippets: Updated last synchronized snippets
2023-08-23 15:08:15.364 [info] Tasks: No changes found during synchronizing tasks.
2023-08-23 15:08:15.369 [info] Tasks: Updated last synchronized tasks
2023-08-23 15:08:15.376 [info] GlobalState: Updated global state ["nps/lastSessionDate","nps/sessionCount","workbench.panel.alignment","workbench.welcomePage.walkthroughMetadata","workbench.view.extensions.state.hidden","ces/skipSurvey","workbench.view.remote.state.hidden","workbench.view.extension.github-pull-requests.state.hidden","workbench.view.extension.dockerView.state.hidden","~remote.forwardedPortsContainer.hidden","fileBasedRecommendations/promptedRecommendations","workbench.view.extension.github-pull-request.state.hidden","nps/isCandidate","nps/skipVersion","commandPalette.mru.cache","commandPalette.mru.counter","extensionsAssistant/importantRecommendationsIgnore","cpp.1.editedCount","cpp.1.editedDate","extensionsAssistant/fileExtensionsSuggestionIgnore","workbench.view.extension.vscode-fontawesome-gallery-sidebar.state.hidden","workbench.welcomePage.hiddenCategories","workbench.explorer.views.state.hidden","workbench.activity.pinnedViewlets2","workbench.statusbar.hidden","workbench.panel.pinnedPanels","cpp.1.lastSessionDate","cpp.1.sessionCount","java.2.lastSessionDate","java.2.sessionCount","javascript.1.lastSessionDate","javascript.1.sessionCount","typescript.1.lastSessionDate","typescript.1.sessionCount","csharp.1.lastSessionDate","csharp.1.sessionCount","memento/gettingStartedService"]
2023-08-23 15:08:15.376 [info] GlobalState: Updated local ui state
2023-08-23 15:08:15.380 [info] GlobalState: Updated last synchronized ui state
2023-08-23 15:08:29.528 [info] Extensions: Installed extension. formulahendry.docker-extension-pack 0.0.1
2023-08-23 15:08:29.528 [info] Extensions: Installed extension. ms-vscode.remote-explorer 0.4.1
2023-08-23 15:08:29.529 [info] Extensions: Installed extension. ms-vscode-remote.remote-ssh-edit 0.86.0
2023-08-23 15:08:29.529 [info] Extensions: Installed extension. ms-vscode-remote.remote-wsl 0.81.0
2023-08-23 15:08:29.529 [info] Extensions: Installed extension. lihui.vs-color-picker 1.0.0
2023-08-23 15:08:29.529 [info] Extensions: Installed extension. medzhidov.font-awesome-codes-html 0.0.7
2023-08-23 15:08:29.530 [info] Extensions: Installed extension. jaspernorth.vscode-pigments 2.0.0
2023-08-23 15:08:29.530 [info] Extensions: Installed extension. seyyedkhandon.firacode 2.2.1
2023-08-23 15:08:29.530 [info] Extensions: Installed extension. github.vscode-pull-request-github 0.70.0
2023-08-23 15:08:29.530 [info] Extensions: Installed extension. ms-azuretools.vscode-docker 1.26.0
2023-08-23 15:08:29.530 [info] Extensions: Installed extension. formulahendry.docker-explorer 0.1.7
2023-08-23 15:08:29.530 [info] Extensions: Installed extension. ms-vscode-remote.remote-ssh 0.102.0
2023-08-23 15:08:29.530 [info] Extensions: Installed extension. naumovs.color-highlight 2.5.0
2023-08-23 15:08:29.530 [info] Extensions: Installed extension. janne252.fontawesome-autocomplete 1.3.1
2023-08-23 15:08:29.530 [info] Extensions: Installed extension. tomasvergara.vscode-fontawesome-gallery 0.0.7
2023-08-23 15:08:29.530 [info] Extensions: Installed extension. ritwickdey.liveserver 5.7.9
2023-08-23 15:08:29.540 [info] Extensions: Updated last synchronized extensions.
2023-08-23 15:08:29.542 [info] Profiles: No changes found during synchronizing profiles.
2023-08-23 15:08:29.548 [info] Profiles: Updated last synchronized profiles.
2023-08-23 15:08:29.551 [info] Sync done. Took 16154ms
2023-08-23 15:08:29.554 [info] Auto Sync: Triggered by Interval
2023-08-23 15:08:29.554 [info] Sync started.
2023-08-23 15:08:29.899 [info] Settings: No changes found during synchronizing settings.
2023-08-23 15:08:29.901 [info] Keybindings: No changes found during synchronizing keybindings.
2023-08-23 15:08:29.925 [info] Snippets: No changes found during synchronizing snippets.
2023-08-23 15:08:29.929 [info] Tasks: No changes found during synchronizing tasks.
2023-08-23 15:08:30.274 [info] GlobalState: Updated remote ui state. Updated: workbench.activity.pinnedViewlets2.
2023-08-23 15:08:30.278 [info] GlobalState: Updated last synchronized ui state
2023-08-23 15:08:30.467 [info] Extensions: No changes found during synchronizing extensions.
2023-08-23 15:08:30.472 [info] Profiles: No changes found during synchronizing profiles.
2023-08-23 15:08:30.484 [info] Sync done. Took 931ms
2023-08-23 15:08:33.210 [info] Auto Sync: Suspended until auth token is available.
2023-08-23 15:08:33.211 [info] Auto Sync: Stopped
2023-08-23 15:09:29.989 [info] Auto Sync: Triggered by Interval
2023-08-23 15:09:29.989 [info] Sync started.
2023-08-23 15:09:30.131 [info] Settings: No changes found during synchronizing settings.
2023-08-23 15:09:30.135 [info] Keybindings: No changes found during synchronizing keybindings.
2023-08-23 15:09:30.141 [info] Snippets: No changes found during synchronizing snippets.
2023-08-23 15:09:30.144 [info] Tasks: No changes found during synchronizing tasks.
2023-08-23 15:09:30.362 [info] GlobalState: Updated remote ui state. Updated: workbench.activity.pinnedViewlets2,workbench.statusbar.hidden,cpp.1.lastSessionDate,cpp.1.sessionCount,java.2.lastSessionDate,java.2.sessionCount,javascript.1.lastSessionDate,javascript.1.sessionCount,typescript.1.lastSessionDate,typescript.1.sessionCount,csharp.1.lastSessionDate,csharp.1.sessionCount,memento/gettingStartedService,workbench.welcomePage.walkthroughMetadata.
2023-08-23 15:09:30.366 [info] GlobalState: Updated last synchronized ui state
2023-08-23 15:09:30.475 [info] Extensions: No changes found during synchronizing extensions.
2023-08-23 15:09:30.479 [info] Profiles: No changes found during synchronizing profiles.
2023-08-23 15:09:30.483 [info] Sync done. Took 494ms
2023-08-23 15:09:32.237 [info] Auto Sync: Triggered by Activity
2023-08-23 15:09:32.237 [info] Sync started.
2023-08-23 15:09:32.374 [info] Settings: No changes found during synchronizing settings.
2023-08-23 15:09:32.377 [info] Keybindings: No changes found during synchronizing keybindings.
2023-08-23 15:09:32.379 [info] Snippets: No changes found during synchronizing snippets.
2023-08-23 15:09:32.388 [info] Tasks: No changes found during synchronizing tasks.
2023-08-23 15:09:32.391 [info] GlobalState: No changes found during synchronizing ui state.
2023-08-23 15:09:32.519 [info] Extensions: No changes found during synchronizing extensions.
2023-08-23 15:09:32.521 [info] Profiles: No changes found during synchronizing profiles.
2023-08-23 15:09:32.524 [info] Sync done. Took 287ms
