2023-08-23 15:07:31.657 [info] Started initializing default profile extensions in extensions installation folder. file:///home/thor/.vscode/extensions
2023-08-23 15:07:32.249 [info] Completed initializing default profile extensions in extensions installation folder. file:///home/thor/.vscode/extensions
2023-08-23 15:07:34.321 [info] [perf] Render performance baseline is 18ms
2023-08-23 15:08:13.390 [info] Settings Sync: Updated current session f8cdef31-a31e-4b4a-93e4-5f571e91255a/1:live.com:00067FFEAEAE4553/0a452c87-bdbf-4a89-af9d-4c608e1f46d5
2023-08-23 15:08:29.758 [error] [medzhidov.font-awesome-codes-html]: Unknown language in `contributes.font-awesome-codes-html.language`. Provided value: pug
2023-08-23 15:08:29.758 [error] [medzhidov.font-awesome-codes-html]: Unknown language in `contributes.font-awesome-codes-html.language`. Provided value: ejs
2023-08-23 15:08:43.175 [error] Error: Error while encrypting the text provided to safeStorage.encryptString. Encryption is not available.
    at R.encrypt (/opt/visual-studio-code/resources/app/out/vs/code/electron-main/main.js:42:10994)
    at Object.call (/opt/visual-studio-code/resources/app/out/vs/code/electron-main/main.js:25:4844)
    at P.s (/opt/visual-studio-code/resources/app/out/vs/code/electron-main/main.js:23:5128)
    at P.q (/opt/visual-studio-code/resources/app/out/vs/code/electron-main/main.js:23:4644)
    at o.value (/opt/visual-studio-code/resources/app/out/vs/code/electron-main/main.js:23:4051)
    at b.w (/opt/visual-studio-code/resources/app/out/vs/code/electron-main/main.js:18:1906)
    at b.x (/opt/visual-studio-code/resources/app/out/vs/code/electron-main/main.js:18:1976)
    at b.fire (/opt/visual-studio-code/resources/app/out/vs/code/electron-main/main.js:18:2192)
    at o.value (/opt/visual-studio-code/resources/app/out/vs/code/electron-main/main.js:16:38681)
    at b.w (/opt/visual-studio-code/resources/app/out/vs/code/electron-main/main.js:18:1906)
    at b.fire (/opt/visual-studio-code/resources/app/out/vs/code/electron-main/main.js:18:2123)
    at o.value (/opt/visual-studio-code/resources/app/out/vs/code/electron-main/main.js:16:38875)
    at b.w (/opt/visual-studio-code/resources/app/out/vs/code/electron-main/main.js:18:1906)
    at b.fire (/opt/visual-studio-code/resources/app/out/vs/code/electron-main/main.js:18:2123)
    at se (/opt/visual-studio-code/resources/app/out/vs/code/electron-main/main.js:16:41018)
    at IpcMainImpl.f (/opt/visual-studio-code/resources/app/out/vs/code/electron-main/main.js:19:96331)
    at IpcMainImpl.emit (node:events:525:35)
    at EventEmitter.<anonymous> (node:electron/js2c/browser_init:2:80979)
    at EventEmitter.emit (node:events:513:28)
2023-08-23 15:08:43.178 [error] Error: Error while encrypting the text provided to safeStorage.encryptString. Encryption is not available.
    at R.encrypt (/opt/visual-studio-code/resources/app/out/vs/code/electron-main/main.js:42:10994)
    at Object.call (/opt/visual-studio-code/resources/app/out/vs/code/electron-main/main.js:25:4844)
    at P.s (/opt/visual-studio-code/resources/app/out/vs/code/electron-main/main.js:23:5128)
    at P.q (/opt/visual-studio-code/resources/app/out/vs/code/electron-main/main.js:23:4644)
    at o.value (/opt/visual-studio-code/resources/app/out/vs/code/electron-main/main.js:23:4051)
    at b.w (/opt/visual-studio-code/resources/app/out/vs/code/electron-main/main.js:18:1906)
    at b.x (/opt/visual-studio-code/resources/app/out/vs/code/electron-main/main.js:18:1976)
    at b.fire (/opt/visual-studio-code/resources/app/out/vs/code/electron-main/main.js:18:2192)
    at o.value (/opt/visual-studio-code/resources/app/out/vs/code/electron-main/main.js:16:38681)
    at b.w (/opt/visual-studio-code/resources/app/out/vs/code/electron-main/main.js:18:1906)
    at b.fire (/opt/visual-studio-code/resources/app/out/vs/code/electron-main/main.js:18:2123)
    at o.value (/opt/visual-studio-code/resources/app/out/vs/code/electron-main/main.js:16:38875)
    at b.w (/opt/visual-studio-code/resources/app/out/vs/code/electron-main/main.js:18:1906)
    at b.fire (/opt/visual-studio-code/resources/app/out/vs/code/electron-main/main.js:18:2123)
    at se (/opt/visual-studio-code/resources/app/out/vs/code/electron-main/main.js:16:41018)
    at IpcMainImpl.f (/opt/visual-studio-code/resources/app/out/vs/code/electron-main/main.js:19:96331)
    at IpcMainImpl.emit (node:events:525:35)
    at EventEmitter.<anonymous> (node:electron/js2c/browser_init:2:80979)
    at EventEmitter.emit (node:events:513:28)
